Using pre-set license
Built from '2021.3/staging' branch; Version is '2021.3.13f1 (9e7d58001ecf) revision 10386776'; Using compiler version '192829333'; Build Type 'Release'
OS: 'Windows 11  (10.0.22621) 64bit CoreSingleLanguage' Language: 'ru' Physical Memory: 16059 MB
BatchMode: 1, IsHumanControllingUs: 0, StartBugReporterOnCrash: 0, Is64bit: 1, IsPro: 1

COMMAND LINE ARGUMENTS:
C:\Program Files\Unity\Hub\Editor\2021.3.13f1\Editor\Unity.exe
-adb2
-batchMode
-noUpm
-name
AssetImportWorker0
-projectPath
C:/Users/A L I E N W A R E/Desktop/Models/Game
-logFile
Logs/AssetImportWorker0.log
-srvPort
62590
Successfully changed project path to: C:/Users/A L I E N W A R E/Desktop/Models/Game
C:/Users/A L I E N W A R E/Desktop/Models/Game
[UnityMemory] Configuration Parameters - Can be set up in boot.config
    "memorysetup-bucket-allocator-granularity=16"
    "memorysetup-bucket-allocator-bucket-count=8"
    "memorysetup-bucket-allocator-block-size=33554432"
    "memorysetup-bucket-allocator-block-count=8"
    "memorysetup-main-allocator-block-size=16777216"
    "memorysetup-thread-allocator-block-size=16777216"
    "memorysetup-gfx-main-allocator-block-size=16777216"
    "memorysetup-gfx-thread-allocator-block-size=16777216"
    "memorysetup-cache-allocator-block-size=4194304"
    "memorysetup-typetree-allocator-block-size=2097152"
    "memorysetup-profiler-bucket-allocator-granularity=16"
    "memorysetup-profiler-bucket-allocator-bucket-count=8"
    "memorysetup-profiler-bucket-allocator-block-size=33554432"
    "memorysetup-profiler-bucket-allocator-block-count=8"
    "memorysetup-profiler-allocator-block-size=16777216"
    "memorysetup-profiler-editor-allocator-block-size=1048576"
    "memorysetup-temp-allocator-size-main=16777216"
    "memorysetup-job-temp-allocator-block-size=2097152"
    "memorysetup-job-temp-allocator-block-size-background=1048576"
    "memorysetup-job-temp-allocator-reduction-small-platforms=262144"
    "memorysetup-temp-allocator-size-background-worker=32768"
    "memorysetup-temp-allocator-size-job-worker=262144"
    "memorysetup-temp-allocator-size-preload-manager=33554432"
    "memorysetup-temp-allocator-size-nav-mesh-worker=65536"
    "memorysetup-temp-allocator-size-audio-worker=65536"
    "memorysetup-temp-allocator-size-cloud-worker=32768"
    "memorysetup-temp-allocator-size-gi-baking-worker=262144"
    "memorysetup-temp-allocator-size-gfx=262144"
Refreshing native plugins compatible for Editor in 57.08 ms, found 3 plugins.
Preloading 0 native plugins for Editor in 0.00 ms.
Initialize engine version: 2021.3.13f1 (9e7d58001ecf)
[Subsystems] Discovering subsystems at path C:/Program Files/Unity/Hub/Editor/2021.3.13f1/Editor/Data/Resources/UnitySubsystems
[Subsystems] Discovering subsystems at path C:/Users/A L I E N W A R E/Desktop/Models/Game/Assets
GfxDevice: creating device client; threaded=0; jobified=0
Direct3D:
    Version:  Direct3D 11.0 [level 11.1]
    Renderer: NVIDIA GeForce RTX 3070 (ID=0x2484)
    Vendor:   NVIDIA
    VRAM:     8032 MB
    Driver:   31.0.15.3742
Initialize mono
Mono path[0] = 'C:/Program Files/Unity/Hub/Editor/2021.3.13f1/Editor/Data/Managed'
Mono path[1] = 'C:/Program Files/Unity/Hub/Editor/2021.3.13f1/Editor/Data/MonoBleedingEdge/lib/mono/unityjit-win32'
Mono config path = 'C:/Program Files/Unity/Hub/Editor/2021.3.13f1/Editor/Data/MonoBleedingEdge/etc'
Using monoOptions --debugger-agent=transport=dt_socket,embedding=1,server=y,suspend=n,address=127.0.0.1:56788
Begin MonoManager ReloadAssembly
Registering precompiled unity dll's ...
Register platform support module: C:/Program Files/Unity/Hub/Editor/2021.3.13f1/Editor/Data/PlaybackEngines/WebGLSupport/UnityEditor.WebGL.Extensions.dll
Register platform support module: C:/Program Files/Unity/Hub/Editor/2021.3.13f1/Editor/Data/PlaybackEngines/AndroidPlayer/UnityEditor.Android.Extensions.dll
Register platform support module: C:/Program Files/Unity/Hub/Editor/2021.3.13f1/Editor/Data/PlaybackEngines/iOSSupport/UnityEditor.iOS.Extensions.dll
Register platform support module: C:/Program Files/Unity/Hub/Editor/2021.3.13f1/Editor/Data/PlaybackEngines/WindowsStandaloneSupport/UnityEditor.WindowsStandalone.Extensions.dll
Registered in 0.005438 seconds.
Native extension for WindowsStandalone target not found
[usbmuxd] Start listen thread
[usbmuxd] Listen thread started
[usbmuxd] Send listen message
Native extension for iOS target not found
Native extension for Android target not found
Native extension for WebGL target not found
Refreshing native plugins compatible for Editor in 57.95 ms, found 3 plugins.
Preloading 0 native plugins for Editor in 0.00 ms.
Mono: successfully reloaded assembly
- Completed reload, in  0.489 seconds
Domain Reload Profiling:
	ReloadAssembly (490ms)
		BeginReloadAssembly (49ms)
			ExecutionOrderSort (0ms)
			DisableScriptedObjects (0ms)
			BackupInstance (0ms)
			ReleaseScriptingObjects (0ms)
			CreateAndSetChildDomain (1ms)
		EndReloadAssembly (363ms)
			LoadAssemblies (48ms)
			RebuildTransferFunctionScriptingTraits (0ms)
			SetupTypeCache (78ms)
			ReleaseScriptCaches (0ms)
			RebuildScriptCaches (25ms)
			SetupLoadedEditorAssemblies (221ms)
				LogAssemblyErrors (0ms)
				InitializePlatformSupportModulesInManaged (51ms)
				SetLoadedEditorAssemblies (0ms)
				RefreshPlugins (58ms)
				BeforeProcessingInitializeOnLoad (1ms)
				ProcessInitializeOnLoadAttributes (75ms)
				ProcessInitializeOnLoadMethodAttributes (35ms)
				AfterProcessingInitializeOnLoad (0ms)
				EditorAssembliesLoaded (0ms)
			ExecutionOrderSort2 (0ms)
			AwakeInstancesAfterBackupRestoration (0ms)
Platform modules already initialized, skipping
Registering precompiled user dll's ...
Registered in 0.005272 seconds.
Begin MonoManager ReloadAssembly
Symbol file LoadedFromMemory doesn't match image C:\Users\A L I E N W A R E\Desktop\Models\Game\Library\PackageCache\com.unity.visualscripting@1.7.8\Editor\VisualScripting.Core\Dependencies\YamlDotNet\Unity.VisualScripting.YamlDotNet.dll
Symbol file LoadedFromMemory doesn't match image C:\Users\A L I E N W A R E\Desktop\Models\Game\Library\PackageCache\com.unity.visualscripting@1.7.8\Editor\VisualScripting.Core\Dependencies\DotNetZip\Unity.VisualScripting.IonicZip.dll
Native extension for WindowsStandalone target not found
Native extension for iOS target not found
Native extension for Android target not found
Native extension for WebGL target not found
Refreshing native plugins compatible for Editor in 0.45 ms, found 3 plugins.
Preloading 0 native plugins for Editor in 0.00 ms.
Mono: successfully reloaded assembly
- Completed reload, in  0.819 seconds
Domain Reload Profiling:
	ReloadAssembly (819ms)
		BeginReloadAssembly (198ms)
			ExecutionOrderSort (0ms)
			DisableScriptedObjects (4ms)
			BackupInstance (0ms)
			ReleaseScriptingObjects (0ms)
			CreateAndSetChildDomain (118ms)
		EndReloadAssembly (539ms)
			LoadAssemblies (62ms)
			RebuildTransferFunctionScriptingTraits (0ms)
			SetupTypeCache (179ms)
			ReleaseScriptCaches (0ms)
			RebuildScriptCaches (34ms)
			SetupLoadedEditorAssemblies (242ms)
				LogAssemblyErrors (0ms)
				InitializePlatformSupportModulesInManaged (17ms)
				SetLoadedEditorAssemblies (0ms)
				RefreshPlugins (0ms)
				BeforeProcessingInitializeOnLoad (59ms)
				ProcessInitializeOnLoadAttributes (140ms)
				ProcessInitializeOnLoadMethodAttributes (20ms)
				AfterProcessingInitializeOnLoad (5ms)
				EditorAssembliesLoaded (0ms)
			ExecutionOrderSort2 (0ms)
			AwakeInstancesAfterBackupRestoration (4ms)
Platform modules already initialized, skipping
========================================================================
Worker process is ready to serve import requests
Launched and connected shader compiler UnityShaderCompiler.exe after 0.03 seconds
Refreshing native plugins compatible for Editor in 0.45 ms, found 3 plugins.
Preloading 0 native plugins for Editor in 0.00 ms.
Unloading 3349 Unused Serialized files (Serialized files now loaded: 0)
Unloading 27 unused Assets / (113.4 KB). Loaded Objects now: 3808.
Memory consumption went from 115.4 MB to 115.3 MB.
Total: 2.525700 ms (FindLiveObjects: 0.223200 ms CreateObjectMapping: 0.090300 ms MarkObjects: 2.131500 ms  DeleteObjects: 0.079800 ms)

AssetImportParameters requested are different than current active one (requested -> active):
  custom:video-decoder-ogg-theora: a1e56fd34408186e4bbccfd4996cb3dc -> 
  custom:container-muxer-webm: aa71ff27fc2769a1b78a27578f13a17b -> 
  custom:container-demuxer-webm: 4f35f7cbe854078d1ac9338744f61a02 -> 
  custom:video-encoder-webm-vp8: eb34c28f22e8b96e1ab97ce403110664 -> 
  custom:audio-encoder-webm-vorbis: bf7c407c2cedff20999df2af8eb42d56 -> 
  custom:framework-win-MediaFoundation: 216162199b28c13a410421893ffa2e32 -> 
  custom:container-demuxer-ogg: 62fdf1f143b41e24485cea50d1cbac27 -> 
  custom:video-decoder-webm-vp8: 9c59270c3fd7afecdb556c50c9e8de78 -> 
  custom:audio-decoder-ogg-vorbis: bf7c407c2cedff20999df2af8eb42d56 -> 
========================================================================
Received Import Request.
  Time since last request: 1326.959985 seconds.
  path: Assets/Prefabs/Men/Men.prefab
  artifactKey: Guid(a157a4dc17ca23c4fadf7bc28df4a8f6) Importer(815301076,1909f56bfc062723c751e8b465ee728b)
Start importing Assets/Prefabs/Men/Men.prefab using Guid(a157a4dc17ca23c4fadf7bc28df4a8f6) Importer(815301076,1909f56bfc062723c751e8b465ee728b)  -> (artifact id: 'dcd48a624fdb1510c9641a55d4c1ebbf') in 0.109203 seconds 
========================================================================
Received Import Request.
  Time since last request: 7.006304 seconds.
  path: Assets/Prefabs/Men/Men.prefab
  artifactKey: Guid(a157a4dc17ca23c4fadf7bc28df4a8f6) Importer(815301076,1909f56bfc062723c751e8b465ee728b)
Start importing Assets/Prefabs/Men/Men.prefab using Guid(a157a4dc17ca23c4fadf7bc28df4a8f6) Importer(815301076,1909f56bfc062723c751e8b465ee728b)  -> (artifact id: 'e69f4a39a6ea007fe2c26641a2afd69a') in 0.007318 seconds 
========================================================================
Received Import Request.
  Time since last request: 5.828398 seconds.
  path: Assets/Prefabs/Men/Men.prefab
  artifactKey: Guid(a157a4dc17ca23c4fadf7bc28df4a8f6) Importer(815301076,1909f56bfc062723c751e8b465ee728b)
Start importing Assets/Prefabs/Men/Men.prefab using Guid(a157a4dc17ca23c4fadf7bc28df4a8f6) Importer(815301076,1909f56bfc062723c751e8b465ee728b)  -> (artifact id: '1c8105442df7314129e3ee14eb7896e8') in 0.006181 seconds 
========================================================================
Received Import Request.
  Time since last request: 4.034606 seconds.
  path: Assets/Prefabs/Men/Men.prefab
  artifactKey: Guid(a157a4dc17ca23c4fadf7bc28df4a8f6) Importer(815301076,1909f56bfc062723c751e8b465ee728b)
Start importing Assets/Prefabs/Men/Men.prefab using Guid(a157a4dc17ca23c4fadf7bc28df4a8f6) Importer(815301076,1909f56bfc062723c751e8b465ee728b)  -> (artifact id: '7dfd4af41ec1a813a0f5c02d488c7e8f') in 0.006708 seconds 
========================================================================
Received Import Request.
  Time since last request: 4.022596 seconds.
  path: Assets/Prefabs/Men/Men.prefab
  artifactKey: Guid(a157a4dc17ca23c4fadf7bc28df4a8f6) Importer(815301076,1909f56bfc062723c751e8b465ee728b)
Start importing Assets/Prefabs/Men/Men.prefab using Guid(a157a4dc17ca23c4fadf7bc28df4a8f6) Importer(815301076,1909f56bfc062723c751e8b465ee728b)  -> (artifact id: '6fff380976756b377419fd3f7d7a3a9f') in 0.006442 seconds 
========================================================================
Received Import Request.
  Time since last request: 4.221348 seconds.
  path: Assets/Prefabs/Men/Men.prefab
  artifactKey: Guid(a157a4dc17ca23c4fadf7bc28df4a8f6) Importer(815301076,1909f56bfc062723c751e8b465ee728b)
Start importing Assets/Prefabs/Men/Men.prefab using Guid(a157a4dc17ca23c4fadf7bc28df4a8f6) Importer(815301076,1909f56bfc062723c751e8b465ee728b)  -> (artifact id: '1fb6fe45b06f781e6aab8dbd307fd95c') in 0.006405 seconds 
========================================================================
Received Import Request.
  Time since last request: 22.951476 seconds.
  path: Assets/Prefabs/Men/Men.prefab
  artifactKey: Guid(a157a4dc17ca23c4fadf7bc28df4a8f6) Importer(815301076,1909f56bfc062723c751e8b465ee728b)
Start importing Assets/Prefabs/Men/Men.prefab using Guid(a157a4dc17ca23c4fadf7bc28df4a8f6) Importer(815301076,1909f56bfc062723c751e8b465ee728b)  -> (artifact id: '34bd32e4284512546e1fd88083975120') in 0.006648 seconds 
========================================================================
Received Import Request.
  Time since last request: 31.060764 seconds.
  path: Assets/Prefabs/Men/Men.prefab
  artifactKey: Guid(a157a4dc17ca23c4fadf7bc28df4a8f6) Importer(815301076,1909f56bfc062723c751e8b465ee728b)
Start importing Assets/Prefabs/Men/Men.prefab using Guid(a157a4dc17ca23c4fadf7bc28df4a8f6) Importer(815301076,1909f56bfc062723c751e8b465ee728b)  -> (artifact id: 'a80e0495f5801809156d8d14a5965cf0') in 0.010647 seconds 
========================================================================
Received Import Request.
  Time since last request: 8.058274 seconds.
  path: Assets/Prefabs/Men/Men.prefab
  artifactKey: Guid(a157a4dc17ca23c4fadf7bc28df4a8f6) Importer(815301076,1909f56bfc062723c751e8b465ee728b)
Start importing Assets/Prefabs/Men/Men.prefab using Guid(a157a4dc17ca23c4fadf7bc28df4a8f6) Importer(815301076,1909f56bfc062723c751e8b465ee728b)  -> (artifact id: 'c04ff14d7e24d88e66c522f5e7bd866f') in 0.006340 seconds 
========================================================================
Received Import Request.
  Time since last request: 4.216204 seconds.
  path: Assets/Prefabs/Men/Men.prefab
  artifactKey: Guid(a157a4dc17ca23c4fadf7bc28df4a8f6) Importer(815301076,1909f56bfc062723c751e8b465ee728b)
Start importing Assets/Prefabs/Men/Men.prefab using Guid(a157a4dc17ca23c4fadf7bc28df4a8f6) Importer(815301076,1909f56bfc062723c751e8b465ee728b)  -> (artifact id: '2f1419f82202c5253a3e4a00592ed728') in 0.006308 seconds 
========================================================================
Received Import Request.
  Time since last request: 6.651238 seconds.
  path: Assets/Prefabs/Men/Men.prefab
  artifactKey: Guid(a157a4dc17ca23c4fadf7bc28df4a8f6) Importer(815301076,1909f56bfc062723c751e8b465ee728b)
Start importing Assets/Prefabs/Men/Men.prefab using Guid(a157a4dc17ca23c4fadf7bc28df4a8f6) Importer(815301076,1909f56bfc062723c751e8b465ee728b)  -> (artifact id: '7887acbccc644653e59f81c6197aa5f7') in 0.008472 seconds 
========================================================================
Received Import Request.
  Time since last request: 16.343146 seconds.
  path: Assets/Prefabs/Men/Men.prefab
  artifactKey: Guid(a157a4dc17ca23c4fadf7bc28df4a8f6) Importer(815301076,1909f56bfc062723c751e8b465ee728b)
Start importing Assets/Prefabs/Men/Men.prefab using Guid(a157a4dc17ca23c4fadf7bc28df4a8f6) Importer(815301076,1909f56bfc062723c751e8b465ee728b)  -> (artifact id: '57f5051cf531ad358fe5c0a9cfeede89') in 0.006118 seconds 
========================================================================
Received Import Request.
  Time since last request: 52.267346 seconds.
  path: Assets/Prefabs/Men/Men.prefab
  artifactKey: Guid(a157a4dc17ca23c4fadf7bc28df4a8f6) Importer(815301076,1909f56bfc062723c751e8b465ee728b)
Start importing Assets/Prefabs/Men/Men.prefab using Guid(a157a4dc17ca23c4fadf7bc28df4a8f6) Importer(815301076,1909f56bfc062723c751e8b465ee728b)  -> (artifact id: 'f2a227637640c446b38f5fb9bfd23121') in 0.012977 seconds 
========================================================================
Received Import Request.
  Time since last request: 10.083591 seconds.
  path: Assets/Prefabs/Men/Men.prefab
  artifactKey: Guid(a157a4dc17ca23c4fadf7bc28df4a8f6) Importer(815301076,1909f56bfc062723c751e8b465ee728b)
Start importing Assets/Prefabs/Men/Men.prefab using Guid(a157a4dc17ca23c4fadf7bc28df4a8f6) Importer(815301076,1909f56bfc062723c751e8b465ee728b)  -> (artifact id: '5cd6f39afee3ce809d379cbd248f7824') in 0.005925 seconds 
========================================================================
Received Import Request.
  Time since last request: 11.911103 seconds.
  path: Assets/Prefabs/Men/Men.prefab
  artifactKey: Guid(a157a4dc17ca23c4fadf7bc28df4a8f6) Importer(815301076,1909f56bfc062723c751e8b465ee728b)
Start importing Assets/Prefabs/Men/Men.prefab using Guid(a157a4dc17ca23c4fadf7bc28df4a8f6) Importer(815301076,1909f56bfc062723c751e8b465ee728b)  -> (artifact id: 'd9c49ed415898dd5e9a8e471122fd87f') in 0.006157 seconds 
========================================================================
Received Import Request.
  Time since last request: 31.276623 seconds.
  path: Assets/Prefabs/Men/Men.prefab
  artifactKey: Guid(a157a4dc17ca23c4fadf7bc28df4a8f6) Importer(815301076,1909f56bfc062723c751e8b465ee728b)
Start importing Assets/Prefabs/Men/Men.prefab using Guid(a157a4dc17ca23c4fadf7bc28df4a8f6) Importer(815301076,1909f56bfc062723c751e8b465ee728b)  -> (artifact id: 'a06c6eca9f6b8796c74fbe461a51e695') in 0.006312 seconds 
========================================================================
Received Import Request.
  Time since last request: 5.822621 seconds.
  path: Assets/Prefabs/Men/Men.prefab
  artifactKey: Guid(a157a4dc17ca23c4fadf7bc28df4a8f6) Importer(815301076,1909f56bfc062723c751e8b465ee728b)
Start importing Assets/Prefabs/Men/Men.prefab using Guid(a157a4dc17ca23c4fadf7bc28df4a8f6) Importer(815301076,1909f56bfc062723c751e8b465ee728b)  -> (artifact id: 'eb22c654ead3807b128c188fb67fd17d') in 0.007647 seconds 
========================================================================
Received Import Request.
  Time since last request: 5.192420 seconds.
  path: Assets/Prefabs/Men/Men.prefab
  artifactKey: Guid(a157a4dc17ca23c4fadf7bc28df4a8f6) Importer(815301076,1909f56bfc062723c751e8b465ee728b)
Start importing Assets/Prefabs/Men/Men.prefab using Guid(a157a4dc17ca23c4fadf7bc28df4a8f6) Importer(815301076,1909f56bfc062723c751e8b465ee728b)  -> (artifact id: '32584f896fdacef847e06363a66042e0') in 0.006311 seconds 
========================================================================
Received Import Request.
  Time since last request: 19.713113 seconds.
  path: Assets/Prefabs/Men/Men.prefab
  artifactKey: Guid(a157a4dc17ca23c4fadf7bc28df4a8f6) Importer(815301076,1909f56bfc062723c751e8b465ee728b)
Start importing Assets/Prefabs/Men/Men.prefab using Guid(a157a4dc17ca23c4fadf7bc28df4a8f6) Importer(815301076,1909f56bfc062723c751e8b465ee728b)  -> (artifact id: 'a6dc76e824976b911913f92a7bd4abe5') in 0.006707 seconds 
========================================================================
Received Import Request.
  Time since last request: 4.614672 seconds.
  path: Assets/Prefabs/Men/Men.prefab
  artifactKey: Guid(a157a4dc17ca23c4fadf7bc28df4a8f6) Importer(815301076,1909f56bfc062723c751e8b465ee728b)
Start importing Assets/Prefabs/Men/Men.prefab using Guid(a157a4dc17ca23c4fadf7bc28df4a8f6) Importer(815301076,1909f56bfc062723c751e8b465ee728b)  -> (artifact id: 'cbfa5702a678fcd62306c234dfa963c8') in 0.006444 seconds 
========================================================================
Received Import Request.
  Time since last request: 23.141829 seconds.
  path: Assets/Prefabs/Men/Men.prefab
  artifactKey: Guid(a157a4dc17ca23c4fadf7bc28df4a8f6) Importer(815301076,1909f56bfc062723c751e8b465ee728b)
Start importing Assets/Prefabs/Men/Men.prefab using Guid(a157a4dc17ca23c4fadf7bc28df4a8f6) Importer(815301076,1909f56bfc062723c751e8b465ee728b)  -> (artifact id: 'f9e537b048ba92eb1529a6b977bbe7a1') in 0.006888 seconds 
========================================================================
Received Import Request.
  Time since last request: 5.040108 seconds.
  path: Assets/Prefabs/Men/Men.prefab
  artifactKey: Guid(a157a4dc17ca23c4fadf7bc28df4a8f6) Importer(815301076,1909f56bfc062723c751e8b465ee728b)
Start importing Assets/Prefabs/Men/Men.prefab using Guid(a157a4dc17ca23c4fadf7bc28df4a8f6) Importer(815301076,1909f56bfc062723c751e8b465ee728b)  -> (artifact id: 'f63de24833b269b5a9f96ed2fe97b263') in 0.007201 seconds 
========================================================================
Received Import Request.
  Time since last request: 9.853172 seconds.
  path: Assets/Prefabs/Men/Men.prefab
  artifactKey: Guid(a157a4dc17ca23c4fadf7bc28df4a8f6) Importer(815301076,1909f56bfc062723c751e8b465ee728b)
Start importing Assets/Prefabs/Men/Men.prefab using Guid(a157a4dc17ca23c4fadf7bc28df4a8f6) Importer(815301076,1909f56bfc062723c751e8b465ee728b)  -> (artifact id: 'a7dd21a92edf4335b0f146fd4cd62f22') in 0.006458 seconds 
========================================================================
Received Import Request.
  Time since last request: 10.903204 seconds.
  path: Assets/Prefabs/Men/Men.prefab
  artifactKey: Guid(a157a4dc17ca23c4fadf7bc28df4a8f6) Importer(815301076,1909f56bfc062723c751e8b465ee728b)
Start importing Assets/Prefabs/Men/Men.prefab using Guid(a157a4dc17ca23c4fadf7bc28df4a8f6) Importer(815301076,1909f56bfc062723c751e8b465ee728b)  -> (artifact id: '989d66752afd2e5763aa2dc0104ed19b') in 0.008302 seconds 
========================================================================
Received Import Request.
  Time since last request: 24.738702 seconds.
  path: Assets/Prefabs/Men/Men.prefab
  artifactKey: Guid(a157a4dc17ca23c4fadf7bc28df4a8f6) Importer(815301076,1909f56bfc062723c751e8b465ee728b)
Start importing Assets/Prefabs/Men/Men.prefab using Guid(a157a4dc17ca23c4fadf7bc28df4a8f6) Importer(815301076,1909f56bfc062723c751e8b465ee728b)  -> (artifact id: 'eb2361e9444492d48621053f612909f2') in 0.006575 seconds 
========================================================================
Received Import Request.
  Time since last request: 2.009154 seconds.
  path: Assets/Prefabs/Men/Men.prefab
  artifactKey: Guid(a157a4dc17ca23c4fadf7bc28df4a8f6) Importer(815301076,1909f56bfc062723c751e8b465ee728b)
Start importing Assets/Prefabs/Men/Men.prefab using Guid(a157a4dc17ca23c4fadf7bc28df4a8f6) Importer(815301076,1909f56bfc062723c751e8b465ee728b)  -> (artifact id: '10be7d299516255bfd5112447ce28db5') in 0.007289 seconds 
========================================================================
Received Import Request.
  Time since last request: 9.647976 seconds.
  path: Assets/Prefabs/Men/Men.prefab
  artifactKey: Guid(a157a4dc17ca23c4fadf7bc28df4a8f6) Importer(815301076,1909f56bfc062723c751e8b465ee728b)
Start importing Assets/Prefabs/Men/Men.prefab using Guid(a157a4dc17ca23c4fadf7bc28df4a8f6) Importer(815301076,1909f56bfc062723c751e8b465ee728b)  -> (artifact id: 'a912247b7abb0a29e550ef7ea8fb19f3') in 0.007331 seconds 
========================================================================
Received Import Request.
  Time since last request: 18.349214 seconds.
  path: Assets/Prefabs/Men/Men.prefab
  artifactKey: Guid(a157a4dc17ca23c4fadf7bc28df4a8f6) Importer(815301076,1909f56bfc062723c751e8b465ee728b)
Start importing Assets/Prefabs/Men/Men.prefab using Guid(a157a4dc17ca23c4fadf7bc28df4a8f6) Importer(815301076,1909f56bfc062723c751e8b465ee728b)  -> (artifact id: '380520c207683142e6ca2d87fd8bbe6f') in 0.006055 seconds 
========================================================================
Received Import Request.
  Time since last request: 4.434821 seconds.
  path: Assets/Prefabs/Men/Men.prefab
  artifactKey: Guid(a157a4dc17ca23c4fadf7bc28df4a8f6) Importer(815301076,1909f56bfc062723c751e8b465ee728b)
Start importing Assets/Prefabs/Men/Men.prefab using Guid(a157a4dc17ca23c4fadf7bc28df4a8f6) Importer(815301076,1909f56bfc062723c751e8b465ee728b)  -> (artifact id: '108d16dbae84d9fd50458609f08f38e8') in 0.006347 seconds 
========================================================================
Received Import Request.
  Time since last request: 7.231845 seconds.
  path: Assets/Prefabs/Men/Men.prefab
  artifactKey: Guid(a157a4dc17ca23c4fadf7bc28df4a8f6) Importer(815301076,1909f56bfc062723c751e8b465ee728b)
Start importing Assets/Prefabs/Men/Men.prefab using Guid(a157a4dc17ca23c4fadf7bc28df4a8f6) Importer(815301076,1909f56bfc062723c751e8b465ee728b)  -> (artifact id: 'df1ae2ffaab2fd56cf46bfc9d401e9c3') in 0.006395 seconds 
========================================================================
Received Import Request.
  Time since last request: 10.282884 seconds.
  path: Assets/Prefabs/Men/Men.prefab
  artifactKey: Guid(a157a4dc17ca23c4fadf7bc28df4a8f6) Importer(815301076,1909f56bfc062723c751e8b465ee728b)
Start importing Assets/Prefabs/Men/Men.prefab using Guid(a157a4dc17ca23c4fadf7bc28df4a8f6) Importer(815301076,1909f56bfc062723c751e8b465ee728b)  -> (artifact id: 'eb4da0b7eeedf637003fc058ae4d362b') in 0.006553 seconds 
========================================================================
Received Import Request.
  Time since last request: 9.241586 seconds.
  path: Assets/Prefabs/Men/Men.prefab
  artifactKey: Guid(a157a4dc17ca23c4fadf7bc28df4a8f6) Importer(815301076,1909f56bfc062723c751e8b465ee728b)
Start importing Assets/Prefabs/Men/Men.prefab using Guid(a157a4dc17ca23c4fadf7bc28df4a8f6) Importer(815301076,1909f56bfc062723c751e8b465ee728b)  -> (artifact id: '247ca3d016934eee31a2b22684f19436') in 0.006053 seconds 
========================================================================
Received Import Request.
  Time since last request: 2.209466 seconds.
  path: Assets/Prefabs/Men/Men.prefab
  artifactKey: Guid(a157a4dc17ca23c4fadf7bc28df4a8f6) Importer(815301076,1909f56bfc062723c751e8b465ee728b)
Start importing Assets/Prefabs/Men/Men.prefab using Guid(a157a4dc17ca23c4fadf7bc28df4a8f6) Importer(815301076,1909f56bfc062723c751e8b465ee728b)  -> (artifact id: '839ae7dd2b5234361cd4e532841f810f') in 0.006158 seconds 
========================================================================
Received Import Request.
  Time since last request: 34.640593 seconds.
  path: Assets/Prefabs/Men/Men.prefab
  artifactKey: Guid(a157a4dc17ca23c4fadf7bc28df4a8f6) Importer(815301076,1909f56bfc062723c751e8b465ee728b)
Start importing Assets/Prefabs/Men/Men.prefab using Guid(a157a4dc17ca23c4fadf7bc28df4a8f6) Importer(815301076,1909f56bfc062723c751e8b465ee728b)  -> (artifact id: '9dccc507bd9e70cf389feefb3449b5f5') in 0.006285 seconds 
========================================================================
Received Import Request.
  Time since last request: 3.632180 seconds.
  path: Assets/Prefabs/Men/Men.prefab
  artifactKey: Guid(a157a4dc17ca23c4fadf7bc28df4a8f6) Importer(815301076,1909f56bfc062723c751e8b465ee728b)
Start importing Assets/Prefabs/Men/Men.prefab using Guid(a157a4dc17ca23c4fadf7bc28df4a8f6) Importer(815301076,1909f56bfc062723c751e8b465ee728b)  -> (artifact id: '052ea5a5ad921c8436740403cddfc51a') in 0.006658 seconds 
========================================================================
Received Import Request.
  Time since last request: 10.037137 seconds.
  path: Assets/Prefabs/Men/Men.prefab
  artifactKey: Guid(a157a4dc17ca23c4fadf7bc28df4a8f6) Importer(815301076,1909f56bfc062723c751e8b465ee728b)
Start importing Assets/Prefabs/Men/Men.prefab using Guid(a157a4dc17ca23c4fadf7bc28df4a8f6) Importer(815301076,1909f56bfc062723c751e8b465ee728b)  -> (artifact id: 'cdc17eaba4bf39a5b900f9c14afe949f') in 0.006451 seconds 
========================================================================
Received Import Request.
  Time since last request: 1.406140 seconds.
  path: Assets/Prefabs/Men/Men.prefab
  artifactKey: Guid(a157a4dc17ca23c4fadf7bc28df4a8f6) Importer(815301076,1909f56bfc062723c751e8b465ee728b)
Start importing Assets/Prefabs/Men/Men.prefab using Guid(a157a4dc17ca23c4fadf7bc28df4a8f6) Importer(815301076,1909f56bfc062723c751e8b465ee728b)  -> (artifact id: '63ee6a93e7c71a540be456d2d8dca599') in 0.006626 seconds 
========================================================================
Received Import Request.
  Time since last request: 4.635660 seconds.
  path: Assets/Prefabs/Men/Men.prefab
  artifactKey: Guid(a157a4dc17ca23c4fadf7bc28df4a8f6) Importer(815301076,1909f56bfc062723c751e8b465ee728b)
Start importing Assets/Prefabs/Men/Men.prefab using Guid(a157a4dc17ca23c4fadf7bc28df4a8f6) Importer(815301076,1909f56bfc062723c751e8b465ee728b)  -> (artifact id: '1526e6eb672b4b9aaa98acc4c43e42aa') in 0.007217 seconds 
========================================================================
Received Import Request.
  Time since last request: 5.411848 seconds.
  path: Assets/Prefabs/Men/Men.prefab
  artifactKey: Guid(a157a4dc17ca23c4fadf7bc28df4a8f6) Importer(815301076,1909f56bfc062723c751e8b465ee728b)
Start importing Assets/Prefabs/Men/Men.prefab using Guid(a157a4dc17ca23c4fadf7bc28df4a8f6) Importer(815301076,1909f56bfc062723c751e8b465ee728b)  -> (artifact id: '8fe6641d42c47ea9e404e438a20511c3') in 0.006738 seconds 
========================================================================
Received Import Request.
  Time since last request: 30.007372 seconds.
  path: Assets/Prefabs/Men/Men.prefab
  artifactKey: Guid(a157a4dc17ca23c4fadf7bc28df4a8f6) Importer(815301076,1909f56bfc062723c751e8b465ee728b)
Start importing Assets/Prefabs/Men/Men.prefab using Guid(a157a4dc17ca23c4fadf7bc28df4a8f6) Importer(815301076,1909f56bfc062723c751e8b465ee728b)  -> (artifact id: '71d13781361120b4021f263fe40fad3c') in 0.007123 seconds 
========================================================================
Received Import Request.
  Time since last request: 1.596243 seconds.
  path: Assets/Prefabs/Men/Men.prefab
  artifactKey: Guid(a157a4dc17ca23c4fadf7bc28df4a8f6) Importer(815301076,1909f56bfc062723c751e8b465ee728b)
Start importing Assets/Prefabs/Men/Men.prefab using Guid(a157a4dc17ca23c4fadf7bc28df4a8f6) Importer(815301076,1909f56bfc062723c751e8b465ee728b)  -> (artifact id: 'ecd8c57fd8934c471d4b4d663aa69e9d') in 0.007047 seconds 
========================================================================
Received Import Request.
  Time since last request: 5.627420 seconds.
  path: Assets/Prefabs/Men/Men.prefab
  artifactKey: Guid(a157a4dc17ca23c4fadf7bc28df4a8f6) Importer(815301076,1909f56bfc062723c751e8b465ee728b)
Start importing Assets/Prefabs/Men/Men.prefab using Guid(a157a4dc17ca23c4fadf7bc28df4a8f6) Importer(815301076,1909f56bfc062723c751e8b465ee728b)  -> (artifact id: '1594d95d085dde4b8a81e2e7a90e56a1') in 0.006462 seconds 
========================================================================
Received Import Request.
  Time since last request: 2.202425 seconds.
  path: Assets/Prefabs/Men/Men.prefab
  artifactKey: Guid(a157a4dc17ca23c4fadf7bc28df4a8f6) Importer(815301076,1909f56bfc062723c751e8b465ee728b)
Start importing Assets/Prefabs/Men/Men.prefab using Guid(a157a4dc17ca23c4fadf7bc28df4a8f6) Importer(815301076,1909f56bfc062723c751e8b465ee728b)  -> (artifact id: '0c7364fc413e2bc64fca9196deef0f68') in 0.006553 seconds 
========================================================================
Received Import Request.
  Time since last request: 4.829667 seconds.
  path: Assets/Prefabs/Men/Men.prefab
  artifactKey: Guid(a157a4dc17ca23c4fadf7bc28df4a8f6) Importer(815301076,1909f56bfc062723c751e8b465ee728b)
Start importing Assets/Prefabs/Men/Men.prefab using Guid(a157a4dc17ca23c4fadf7bc28df4a8f6) Importer(815301076,1909f56bfc062723c751e8b465ee728b)  -> (artifact id: '539a01cae6c4e989617b5508932fcaa7') in 0.007037 seconds 
========================================================================
Received Import Request.
  Time since last request: 4.637258 seconds.
  path: Assets/Prefabs/Men/Men.prefab
  artifactKey: Guid(a157a4dc17ca23c4fadf7bc28df4a8f6) Importer(815301076,1909f56bfc062723c751e8b465ee728b)
Start importing Assets/Prefabs/Men/Men.prefab using Guid(a157a4dc17ca23c4fadf7bc28df4a8f6) Importer(815301076,1909f56bfc062723c751e8b465ee728b)  -> (artifact id: '067bf0d00ba09901c2566412f81ab72a') in 0.006551 seconds 
========================================================================
Received Import Request.
  Time since last request: 20.363119 seconds.
  path: Assets/Prefabs/Men/Men.prefab
  artifactKey: Guid(a157a4dc17ca23c4fadf7bc28df4a8f6) Importer(815301076,1909f56bfc062723c751e8b465ee728b)
Start importing Assets/Prefabs/Men/Men.prefab using Guid(a157a4dc17ca23c4fadf7bc28df4a8f6) Importer(815301076,1909f56bfc062723c751e8b465ee728b)  -> (artifact id: '68b8da9d3bb241f85237415556698a02') in 0.007651 seconds 
========================================================================
Received Import Request.
  Time since last request: 13.893046 seconds.
  path: Assets/Prefabs/Men/Men.prefab
  artifactKey: Guid(a157a4dc17ca23c4fadf7bc28df4a8f6) Importer(815301076,1909f56bfc062723c751e8b465ee728b)
Start importing Assets/Prefabs/Men/Men.prefab using Guid(a157a4dc17ca23c4fadf7bc28df4a8f6) Importer(815301076,1909f56bfc062723c751e8b465ee728b)  -> (artifact id: 'fe561f991e44e11a31d04de4db6cdabf') in 0.006635 seconds 
========================================================================
Received Import Request.
  Time since last request: 19.530148 seconds.
  path: Assets/Prefabs/Men/Men.prefab
  artifactKey: Guid(a157a4dc17ca23c4fadf7bc28df4a8f6) Importer(815301076,1909f56bfc062723c751e8b465ee728b)
Start importing Assets/Prefabs/Men/Men.prefab using Guid(a157a4dc17ca23c4fadf7bc28df4a8f6) Importer(815301076,1909f56bfc062723c751e8b465ee728b)  -> (artifact id: '69916b6656966d8ef7acf6a72ce094cf') in 0.007398 seconds 
========================================================================
Received Import Request.
  Time since last request: 18.930430 seconds.
  path: Assets/Prefabs/Men/Men.prefab
  artifactKey: Guid(a157a4dc17ca23c4fadf7bc28df4a8f6) Importer(815301076,1909f56bfc062723c751e8b465ee728b)
Start importing Assets/Prefabs/Men/Men.prefab using Guid(a157a4dc17ca23c4fadf7bc28df4a8f6) Importer(815301076,1909f56bfc062723c751e8b465ee728b)  -> (artifact id: '958bf12b6dea2169cb54e84332ce6895') in 0.006727 seconds 
========================================================================
Received Import Request.
  Time since last request: 2.844336 seconds.
  path: Assets/Prefabs/Men/Men.prefab
  artifactKey: Guid(a157a4dc17ca23c4fadf7bc28df4a8f6) Importer(815301076,1909f56bfc062723c751e8b465ee728b)
Start importing Assets/Prefabs/Men/Men.prefab using Guid(a157a4dc17ca23c4fadf7bc28df4a8f6) Importer(815301076,1909f56bfc062723c751e8b465ee728b)  -> (artifact id: '2ebf459c7f4798f9f1b587d8357883af') in 0.006610 seconds 
========================================================================
Received Import Request.
  Time since last request: 9.667150 seconds.
  path: Assets/Prefabs/Men/Men.prefab
  artifactKey: Guid(a157a4dc17ca23c4fadf7bc28df4a8f6) Importer(815301076,1909f56bfc062723c751e8b465ee728b)
Start importing Assets/Prefabs/Men/Men.prefab using Guid(a157a4dc17ca23c4fadf7bc28df4a8f6) Importer(815301076,1909f56bfc062723c751e8b465ee728b)  -> (artifact id: '2ecc886b87acb1cbc0add91c7cf40e0d') in 0.012770 seconds 
========================================================================
Received Import Request.
  Time since last request: 11.063361 seconds.
  path: Assets/Prefabs/Men/Men.prefab
  artifactKey: Guid(a157a4dc17ca23c4fadf7bc28df4a8f6) Importer(815301076,1909f56bfc062723c751e8b465ee728b)
Start importing Assets/Prefabs/Men/Men.prefab using Guid(a157a4dc17ca23c4fadf7bc28df4a8f6) Importer(815301076,1909f56bfc062723c751e8b465ee728b)  -> (artifact id: '4af33541f5ec8ba0eea9c8c61e91dff7') in 0.006662 seconds 
========================================================================
Received Import Request.
  Time since last request: 1.806449 seconds.
  path: Assets/Prefabs/Men/Men.prefab
  artifactKey: Guid(a157a4dc17ca23c4fadf7bc28df4a8f6) Importer(815301076,1909f56bfc062723c751e8b465ee728b)
Start importing Assets/Prefabs/Men/Men.prefab using Guid(a157a4dc17ca23c4fadf7bc28df4a8f6) Importer(815301076,1909f56bfc062723c751e8b465ee728b)  -> (artifact id: 'dd0182dbc0737b5ae58d8e8651b35c5e') in 0.006079 seconds 
========================================================================
Received Import Request.
  Time since last request: 6.458811 seconds.
  path: Assets/Prefabs/Men/Men.prefab
  artifactKey: Guid(a157a4dc17ca23c4fadf7bc28df4a8f6) Importer(815301076,1909f56bfc062723c751e8b465ee728b)
Start importing Assets/Prefabs/Men/Men.prefab using Guid(a157a4dc17ca23c4fadf7bc28df4a8f6) Importer(815301076,1909f56bfc062723c751e8b465ee728b)  -> (artifact id: '69810c51faa82c6b822f6852ab8c3b1d') in 0.008140 seconds 
========================================================================
Received Import Request.
  Time since last request: 3.800270 seconds.
  path: Assets/Prefabs/Men/Men.prefab
  artifactKey: Guid(a157a4dc17ca23c4fadf7bc28df4a8f6) Importer(815301076,1909f56bfc062723c751e8b465ee728b)
Start importing Assets/Prefabs/Men/Men.prefab using Guid(a157a4dc17ca23c4fadf7bc28df4a8f6) Importer(815301076,1909f56bfc062723c751e8b465ee728b)  -> (artifact id: '6ed474c172dfef41c611cb511268b693') in 0.006396 seconds 
========================================================================
Received Import Request.
  Time since last request: 2.007072 seconds.
  path: Assets/Prefabs/Men/Men.prefab
  artifactKey: Guid(a157a4dc17ca23c4fadf7bc28df4a8f6) Importer(815301076,1909f56bfc062723c751e8b465ee728b)
Start importing Assets/Prefabs/Men/Men.prefab using Guid(a157a4dc17ca23c4fadf7bc28df4a8f6) Importer(815301076,1909f56bfc062723c751e8b465ee728b)  -> (artifact id: 'a601c93f113e4a0ae7c176ea5e789fc3') in 0.007010 seconds 
========================================================================
Received Import Request.
  Time since last request: 14.720227 seconds.
  path: Assets/Prefabs/Men/Men.prefab
  artifactKey: Guid(a157a4dc17ca23c4fadf7bc28df4a8f6) Importer(815301076,1909f56bfc062723c751e8b465ee728b)
Start importing Assets/Prefabs/Men/Men.prefab using Guid(a157a4dc17ca23c4fadf7bc28df4a8f6) Importer(815301076,1909f56bfc062723c751e8b465ee728b)  -> (artifact id: '754b5df1e7d593a465c040b68e2bb020') in 0.011159 seconds 
========================================================================
Received Import Request.
  Time since last request: 8.235273 seconds.
  path: Assets/Prefabs/Men/Men.prefab
  artifactKey: Guid(a157a4dc17ca23c4fadf7bc28df4a8f6) Importer(815301076,1909f56bfc062723c751e8b465ee728b)
Start importing Assets/Prefabs/Men/Men.prefab using Guid(a157a4dc17ca23c4fadf7bc28df4a8f6) Importer(815301076,1909f56bfc062723c751e8b465ee728b)  -> (artifact id: '667769d2f0a7a98f211e7e6b0d513d28') in 0.006569 seconds 
========================================================================
Received Import Request.
  Time since last request: 5.830291 seconds.
  path: Assets/Prefabs/Men/Men.prefab
  artifactKey: Guid(a157a4dc17ca23c4fadf7bc28df4a8f6) Importer(815301076,1909f56bfc062723c751e8b465ee728b)
Start importing Assets/Prefabs/Men/Men.prefab using Guid(a157a4dc17ca23c4fadf7bc28df4a8f6) Importer(815301076,1909f56bfc062723c751e8b465ee728b)  -> (artifact id: '7011bcbfd5208be4170d51c6edb43bf4') in 0.006806 seconds 
========================================================================
Received Import Request.
  Time since last request: 5.227887 seconds.
  path: Assets/Prefabs/Men/Men.prefab
  artifactKey: Guid(a157a4dc17ca23c4fadf7bc28df4a8f6) Importer(815301076,1909f56bfc062723c751e8b465ee728b)
Start importing Assets/Prefabs/Men/Men.prefab using Guid(a157a4dc17ca23c4fadf7bc28df4a8f6) Importer(815301076,1909f56bfc062723c751e8b465ee728b)  -> (artifact id: '2513a36656133530efa136f43cf3b68d') in 0.006829 seconds 
========================================================================
Received Import Request.
  Time since last request: 3.221992 seconds.
  path: Assets/Prefabs/Men/Men.prefab
  artifactKey: Guid(a157a4dc17ca23c4fadf7bc28df4a8f6) Importer(815301076,1909f56bfc062723c751e8b465ee728b)
Start importing Assets/Prefabs/Men/Men.prefab using Guid(a157a4dc17ca23c4fadf7bc28df4a8f6) Importer(815301076,1909f56bfc062723c751e8b465ee728b)  -> (artifact id: 'ba0f821db94b49e89b68aa7ea8a493a6') in 0.006711 seconds 
========================================================================
Received Import Request.
  Time since last request: 2.815026 seconds.
  path: Assets/Prefabs/Men/Men.prefab
  artifactKey: Guid(a157a4dc17ca23c4fadf7bc28df4a8f6) Importer(815301076,1909f56bfc062723c751e8b465ee728b)
Start importing Assets/Prefabs/Men/Men.prefab using Guid(a157a4dc17ca23c4fadf7bc28df4a8f6) Importer(815301076,1909f56bfc062723c751e8b465ee728b)  -> (artifact id: 'e00ec9c3d13d61610ae06af0799ea5db') in 0.007469 seconds 
========================================================================
Received Import Request.
  Time since last request: 2.604929 seconds.
  path: Assets/Prefabs/Men/Men.prefab
  artifactKey: Guid(a157a4dc17ca23c4fadf7bc28df4a8f6) Importer(815301076,1909f56bfc062723c751e8b465ee728b)
Start importing Assets/Prefabs/Men/Men.prefab using Guid(a157a4dc17ca23c4fadf7bc28df4a8f6) Importer(815301076,1909f56bfc062723c751e8b465ee728b)  -> (artifact id: '18da432d94167a5809fd67938cb7aabe') in 0.006313 seconds 
========================================================================
Received Import Request.
  Time since last request: 10.845956 seconds.
  path: Assets/Prefabs/Men/Men.prefab
  artifactKey: Guid(a157a4dc17ca23c4fadf7bc28df4a8f6) Importer(815301076,1909f56bfc062723c751e8b465ee728b)
Start importing Assets/Prefabs/Men/Men.prefab using Guid(a157a4dc17ca23c4fadf7bc28df4a8f6) Importer(815301076,1909f56bfc062723c751e8b465ee728b)  -> (artifact id: '434591b3d88195699fa09308ffe26585') in 0.006386 seconds 
========================================================================
Received Import Request.
  Time since last request: 20.889676 seconds.
  path: Assets/Prefabs/Men/Men.prefab
  artifactKey: Guid(a157a4dc17ca23c4fadf7bc28df4a8f6) Importer(815301076,1909f56bfc062723c751e8b465ee728b)
Start importing Assets/Prefabs/Men/Men.prefab using Guid(a157a4dc17ca23c4fadf7bc28df4a8f6) Importer(815301076,1909f56bfc062723c751e8b465ee728b)  -> (artifact id: '911f4dab2bddcdbee6c7453354e2e87c') in 0.006647 seconds 
========================================================================
Received Import Request.
  Time since last request: 11.127063 seconds.
  path: Assets/Prefabs/Men/Men.prefab
  artifactKey: Guid(a157a4dc17ca23c4fadf7bc28df4a8f6) Importer(815301076,1909f56bfc062723c751e8b465ee728b)
Start importing Assets/Prefabs/Men/Men.prefab using Guid(a157a4dc17ca23c4fadf7bc28df4a8f6) Importer(815301076,1909f56bfc062723c751e8b465ee728b)  -> (artifact id: 'f7872c80fa451bb45990d43f98d51208') in 0.006841 seconds 
========================================================================
Received Import Request.
  Time since last request: 4.086695 seconds.
  path: Assets/Prefabs/Men/Men.prefab
  artifactKey: Guid(a157a4dc17ca23c4fadf7bc28df4a8f6) Importer(815301076,1909f56bfc062723c751e8b465ee728b)
Start importing Assets/Prefabs/Men/Men.prefab using Guid(a157a4dc17ca23c4fadf7bc28df4a8f6) Importer(815301076,1909f56bfc062723c751e8b465ee728b)  -> (artifact id: '628d3e451202ae25cf75fe43e200c747') in 0.018712 seconds 
========================================================================
Received Import Request.
  Time since last request: 3.122053 seconds.
  path: Assets/Prefabs/Men/Men.prefab
  artifactKey: Guid(a157a4dc17ca23c4fadf7bc28df4a8f6) Importer(815301076,1909f56bfc062723c751e8b465ee728b)
Start importing Assets/Prefabs/Men/Men.prefab using Guid(a157a4dc17ca23c4fadf7bc28df4a8f6) Importer(815301076,1909f56bfc062723c751e8b465ee728b)  -> (artifact id: '8f6201685b90e735d84d402c140ec239') in 0.006724 seconds 
========================================================================
Received Prepare
Registering precompiled user dll's ...
Registered in 0.004191 seconds.
Begin MonoManager ReloadAssembly
Symbol file LoadedFromMemory doesn't match image C:\Users\A L I E N W A R E\Desktop\Models\Game\Library\PackageCache\com.unity.visualscripting@1.7.8\Editor\VisualScripting.Core\Dependencies\YamlDotNet\Unity.VisualScripting.YamlDotNet.dll
Symbol file LoadedFromMemory doesn't match image C:\Users\A L I E N W A R E\Desktop\Models\Game\Library\PackageCache\com.unity.visualscripting@1.7.8\Editor\VisualScripting.Core\Dependencies\DotNetZip\Unity.VisualScripting.IonicZip.dll
Native extension for WindowsStandalone target not found
Native extension for iOS target not found
Native extension for Android target not found
Native extension for WebGL target not found
Refreshing native plugins compatible for Editor in 0.51 ms, found 3 plugins.
Preloading 0 native plugins for Editor in 0.00 ms.
Mono: successfully reloaded assembly
- Completed reload, in  0.754 seconds
Domain Reload Profiling:
	ReloadAssembly (754ms)
		BeginReloadAssembly (103ms)
			ExecutionOrderSort (0ms)
			DisableScriptedObjects (3ms)
			BackupInstance (0ms)
			ReleaseScriptingObjects (0ms)
			CreateAndSetChildDomain (31ms)
		EndReloadAssembly (582ms)
			LoadAssemblies (61ms)
			RebuildTransferFunctionScriptingTraits (0ms)
			SetupTypeCache (202ms)
			ReleaseScriptCaches (1ms)
			RebuildScriptCaches (29ms)
			SetupLoadedEditorAssemblies (252ms)
				LogAssemblyErrors (0ms)
				InitializePlatformSupportModulesInManaged (25ms)
				SetLoadedEditorAssemblies (0ms)
				RefreshPlugins (1ms)
				BeforeProcessingInitializeOnLoad (53ms)
				ProcessInitializeOnLoadAttributes (142ms)
				ProcessInitializeOnLoadMethodAttributes (24ms)
				AfterProcessingInitializeOnLoad (6ms)
				EditorAssembliesLoaded (0ms)
			ExecutionOrderSort2 (0ms)
			AwakeInstancesAfterBackupRestoration (5ms)
Platform modules already initialized, skipping
Refreshing native plugins compatible for Editor in 1.66 ms, found 3 plugins.
Preloading 0 native plugins for Editor in 0.00 ms.
Unloading 3344 Unused Serialized files (Serialized files now loaded: 0)
Unloading 20 unused Assets / (79.9 KB). Loaded Objects now: 3821.
Memory consumption went from 132.5 MB to 132.4 MB.
Total: 2.313500 ms (FindLiveObjects: 0.201600 ms CreateObjectMapping: 0.102700 ms MarkObjects: 1.934300 ms  DeleteObjects: 0.073800 ms)

AssetImportParameters requested are different than current active one (requested -> active):
  custom:video-decoder-ogg-theora: a1e56fd34408186e4bbccfd4996cb3dc -> 
  custom:container-muxer-webm: aa71ff27fc2769a1b78a27578f13a17b -> 
  custom:container-demuxer-webm: 4f35f7cbe854078d1ac9338744f61a02 -> 
  custom:video-encoder-webm-vp8: eb34c28f22e8b96e1ab97ce403110664 -> 
  custom:audio-encoder-webm-vorbis: bf7c407c2cedff20999df2af8eb42d56 -> 
  custom:framework-win-MediaFoundation: 216162199b28c13a410421893ffa2e32 -> 
  custom:container-demuxer-ogg: 62fdf1f143b41e24485cea50d1cbac27 -> 
  custom:video-decoder-webm-vp8: 9c59270c3fd7afecdb556c50c9e8de78 -> 
  custom:audio-decoder-ogg-vorbis: bf7c407c2cedff20999df2af8eb42d56 -> 
========================================================================
Received Import Request.
  Time since last request: 36.552990 seconds.
  path: Assets/Prefabs/Men/Men.prefab
  artifactKey: Guid(a157a4dc17ca23c4fadf7bc28df4a8f6) Importer(815301076,1909f56bfc062723c751e8b465ee728b)
Start importing Assets/Prefabs/Men/Men.prefab using Guid(a157a4dc17ca23c4fadf7bc28df4a8f6) Importer(815301076,1909f56bfc062723c751e8b465ee728b)  -> (artifact id: '722cb5e7f95c1f9a4980f05c8b73c4e6') in 0.042981 seconds 
========================================================================
Received Import Request.
  Time since last request: 5.597350 seconds.
  path: Assets/Prefabs/Men/Men.prefab
  artifactKey: Guid(a157a4dc17ca23c4fadf7bc28df4a8f6) Importer(815301076,1909f56bfc062723c751e8b465ee728b)
Start importing Assets/Prefabs/Men/Men.prefab using Guid(a157a4dc17ca23c4fadf7bc28df4a8f6) Importer(815301076,1909f56bfc062723c751e8b465ee728b)  -> (artifact id: 'eaba236468c4751566655dddc19d40d8') in 0.007006 seconds 
========================================================================
Received Import Request.
  Time since last request: 5.025716 seconds.
  path: Assets/Prefabs/Men/Men.prefab
  artifactKey: Guid(a157a4dc17ca23c4fadf7bc28df4a8f6) Importer(815301076,1909f56bfc062723c751e8b465ee728b)
Start importing Assets/Prefabs/Men/Men.prefab using Guid(a157a4dc17ca23c4fadf7bc28df4a8f6) Importer(815301076,1909f56bfc062723c751e8b465ee728b)  -> (artifact id: '24de018a93aadc2ce544883d1edd6fa1') in 0.006613 seconds 
========================================================================
Received Import Request.
  Time since last request: 2.013965 seconds.
  path: Assets/Prefabs/Men/Men.prefab
  artifactKey: Guid(a157a4dc17ca23c4fadf7bc28df4a8f6) Importer(815301076,1909f56bfc062723c751e8b465ee728b)
Start importing Assets/Prefabs/Men/Men.prefab using Guid(a157a4dc17ca23c4fadf7bc28df4a8f6) Importer(815301076,1909f56bfc062723c751e8b465ee728b)  -> (artifact id: '4358959115d081919f1f7efd62fa3458') in 0.006537 seconds 
========================================================================
Received Import Request.
  Time since last request: 5.640112 seconds.
  path: Assets/Prefabs/Men/Men.prefab
  artifactKey: Guid(a157a4dc17ca23c4fadf7bc28df4a8f6) Importer(815301076,1909f56bfc062723c751e8b465ee728b)
Start importing Assets/Prefabs/Men/Men.prefab using Guid(a157a4dc17ca23c4fadf7bc28df4a8f6) Importer(815301076,1909f56bfc062723c751e8b465ee728b)  -> (artifact id: '5a5bd773d7c95a9eaf7c826e8e54b82c') in 0.006724 seconds 
========================================================================
Received Import Request.
  Time since last request: 2.197051 seconds.
  path: Assets/Prefabs/Men/Men.prefab
  artifactKey: Guid(a157a4dc17ca23c4fadf7bc28df4a8f6) Importer(815301076,1909f56bfc062723c751e8b465ee728b)
Start importing Assets/Prefabs/Men/Men.prefab using Guid(a157a4dc17ca23c4fadf7bc28df4a8f6) Importer(815301076,1909f56bfc062723c751e8b465ee728b)  -> (artifact id: '64f1dfd86ff07994c4e2b9d68ef3ca6c') in 0.006500 seconds 
========================================================================
Received Import Request.
  Time since last request: 56.105101 seconds.
  path: Assets/Prefabs/Men/Men.prefab
  artifactKey: Guid(a157a4dc17ca23c4fadf7bc28df4a8f6) Importer(815301076,1909f56bfc062723c751e8b465ee728b)
Start importing Assets/Prefabs/Men/Men.prefab using Guid(a157a4dc17ca23c4fadf7bc28df4a8f6) Importer(815301076,1909f56bfc062723c751e8b465ee728b)  -> (artifact id: '9d0fb622b6dea821f6de72312e466129') in 0.007144 seconds 
========================================================================
Received Import Request.
  Time since last request: 21.125870 seconds.
  path: Assets/Prefabs/Men/Men.prefab
  artifactKey: Guid(a157a4dc17ca23c4fadf7bc28df4a8f6) Importer(815301076,1909f56bfc062723c751e8b465ee728b)
Start importing Assets/Prefabs/Men/Men.prefab using Guid(a157a4dc17ca23c4fadf7bc28df4a8f6) Importer(815301076,1909f56bfc062723c751e8b465ee728b)  -> (artifact id: '49bed22ba1a93e359609ef0b0bc86c9f') in 0.006592 seconds 
========================================================================
Received Prepare
Registering precompiled user dll's ...
Registered in 0.003891 seconds.
Begin MonoManager ReloadAssembly
Symbol file LoadedFromMemory doesn't match image C:\Users\A L I E N W A R E\Desktop\Models\Game\Library\PackageCache\com.unity.visualscripting@1.7.8\Editor\VisualScripting.Core\Dependencies\YamlDotNet\Unity.VisualScripting.YamlDotNet.dll
Symbol file LoadedFromMemory doesn't match image C:\Users\A L I E N W A R E\Desktop\Models\Game\Library\PackageCache\com.unity.visualscripting@1.7.8\Editor\VisualScripting.Core\Dependencies\DotNetZip\Unity.VisualScripting.IonicZip.dll
Native extension for WindowsStandalone target not found
Native extension for iOS target not found
Native extension for Android target not found
Native extension for WebGL target not found
Refreshing native plugins compatible for Editor in 0.49 ms, found 3 plugins.
Preloading 0 native plugins for Editor in 0.00 ms.
Mono: successfully reloaded assembly
- Completed reload, in  0.774 seconds
Domain Reload Profiling:
	ReloadAssembly (775ms)
		BeginReloadAssembly (100ms)
			ExecutionOrderSort (0ms)
			DisableScriptedObjects (3ms)
			BackupInstance (0ms)
			ReleaseScriptingObjects (0ms)
			CreateAndSetChildDomain (30ms)
		EndReloadAssembly (605ms)
			LoadAssemblies (64ms)
			RebuildTransferFunctionScriptingTraits (0ms)
			SetupTypeCache (206ms)
			ReleaseScriptCaches (1ms)
			RebuildScriptCaches (35ms)
			SetupLoadedEditorAssemblies (256ms)
				LogAssemblyErrors (0ms)
				InitializePlatformSupportModulesInManaged (28ms)
				SetLoadedEditorAssemblies (0ms)
				RefreshPlugins (1ms)
				BeforeProcessingInitializeOnLoad (50ms)
				ProcessInitializeOnLoadAttributes (148ms)
				ProcessInitializeOnLoadMethodAttributes (23ms)
				AfterProcessingInitializeOnLoad (6ms)
				EditorAssembliesLoaded (0ms)
			ExecutionOrderSort2 (0ms)
			AwakeInstancesAfterBackupRestoration (6ms)
Platform modules already initialized, skipping
Refreshing native plugins compatible for Editor in 1.42 ms, found 3 plugins.
Preloading 0 native plugins for Editor in 0.00 ms.
Unloading 3344 Unused Serialized files (Serialized files now loaded: 0)
Unloading 20 unused Assets / (79.8 KB). Loaded Objects now: 3824.
Memory consumption went from 132.5 MB to 132.5 MB.
Total: 2.199000 ms (FindLiveObjects: 0.207900 ms CreateObjectMapping: 0.113300 ms MarkObjects: 1.807800 ms  DeleteObjects: 0.069400 ms)

AssetImportParameters requested are different than current active one (requested -> active):
  custom:video-decoder-ogg-theora: a1e56fd34408186e4bbccfd4996cb3dc -> 
  custom:container-muxer-webm: aa71ff27fc2769a1b78a27578f13a17b -> 
  custom:container-demuxer-webm: 4f35f7cbe854078d1ac9338744f61a02 -> 
  custom:video-encoder-webm-vp8: eb34c28f22e8b96e1ab97ce403110664 -> 
  custom:audio-encoder-webm-vorbis: bf7c407c2cedff20999df2af8eb42d56 -> 
  custom:framework-win-MediaFoundation: 216162199b28c13a410421893ffa2e32 -> 
  custom:container-demuxer-ogg: 62fdf1f143b41e24485cea50d1cbac27 -> 
  custom:video-decoder-webm-vp8: 9c59270c3fd7afecdb556c50c9e8de78 -> 
  custom:audio-decoder-ogg-vorbis: bf7c407c2cedff20999df2af8eb42d56 -> 
========================================================================
Received Import Request.
  Time since last request: 61.933361 seconds.
  path: Assets/Prefabs/Men/Men.prefab
  artifactKey: Guid(a157a4dc17ca23c4fadf7bc28df4a8f6) Importer(815301076,1909f56bfc062723c751e8b465ee728b)
Start importing Assets/Prefabs/Men/Men.prefab using Guid(a157a4dc17ca23c4fadf7bc28df4a8f6) Importer(815301076,1909f56bfc062723c751e8b465ee728b)  -> (artifact id: 'ae9a36a7ae3fc3afd602357de364a336') in 0.057790 seconds 
========================================================================
Received Prepare
Registering precompiled user dll's ...
Registered in 0.003990 seconds.
Begin MonoManager ReloadAssembly
Symbol file LoadedFromMemory doesn't match image C:\Users\A L I E N W A R E\Desktop\Models\Game\Library\PackageCache\com.unity.visualscripting@1.7.8\Editor\VisualScripting.Core\Dependencies\YamlDotNet\Unity.VisualScripting.YamlDotNet.dll
Symbol file LoadedFromMemory doesn't match image C:\Users\A L I E N W A R E\Desktop\Models\Game\Library\PackageCache\com.unity.visualscripting@1.7.8\Editor\VisualScripting.Core\Dependencies\DotNetZip\Unity.VisualScripting.IonicZip.dll
Native extension for WindowsStandalone target not found
Native extension for iOS target not found
Native extension for Android target not found
Native extension for WebGL target not found
Refreshing native plugins compatible for Editor in 0.49 ms, found 3 plugins.
Preloading 0 native plugins for Editor in 0.00 ms.
Mono: successfully reloaded assembly
- Completed reload, in  0.785 seconds
Domain Reload Profiling:
	ReloadAssembly (786ms)
		BeginReloadAssembly (104ms)
			ExecutionOrderSort (0ms)
			DisableScriptedObjects (3ms)
			BackupInstance (0ms)
			ReleaseScriptingObjects (0ms)
			CreateAndSetChildDomain (31ms)
		EndReloadAssembly (601ms)
			LoadAssemblies (67ms)
			RebuildTransferFunctionScriptingTraits (0ms)
			SetupTypeCache (208ms)
			ReleaseScriptCaches (2ms)
			RebuildScriptCaches (34ms)
			SetupLoadedEditorAssemblies (252ms)
				LogAssemblyErrors (0ms)
				InitializePlatformSupportModulesInManaged (26ms)
				SetLoadedEditorAssemblies (0ms)
				RefreshPlugins (1ms)
				BeforeProcessingInitializeOnLoad (49ms)
				ProcessInitializeOnLoadAttributes (144ms)
				ProcessInitializeOnLoadMethodAttributes (26ms)
				AfterProcessingInitializeOnLoad (6ms)
				EditorAssembliesLoaded (0ms)
			ExecutionOrderSort2 (0ms)
			AwakeInstancesAfterBackupRestoration (5ms)
Platform modules already initialized, skipping
Refreshing native plugins compatible for Editor in 1.46 ms, found 3 plugins.
Preloading 0 native plugins for Editor in 0.00 ms.
Unloading 3344 Unused Serialized files (Serialized files now loaded: 0)
Unloading 20 unused Assets / (79.8 KB). Loaded Objects now: 3827.
Memory consumption went from 132.5 MB to 132.5 MB.
Total: 2.516200 ms (FindLiveObjects: 0.202900 ms CreateObjectMapping: 0.098900 ms MarkObjects: 2.140800 ms  DeleteObjects: 0.072700 ms)

AssetImportParameters requested are different than current active one (requested -> active):
  custom:video-decoder-ogg-theora: a1e56fd34408186e4bbccfd4996cb3dc -> 
  custom:container-muxer-webm: aa71ff27fc2769a1b78a27578f13a17b -> 
  custom:container-demuxer-webm: 4f35f7cbe854078d1ac9338744f61a02 -> 
  custom:video-encoder-webm-vp8: eb34c28f22e8b96e1ab97ce403110664 -> 
  custom:audio-encoder-webm-vorbis: bf7c407c2cedff20999df2af8eb42d56 -> 
  custom:framework-win-MediaFoundation: 216162199b28c13a410421893ffa2e32 -> 
  custom:container-demuxer-ogg: 62fdf1f143b41e24485cea50d1cbac27 -> 
  custom:video-decoder-webm-vp8: 9c59270c3fd7afecdb556c50c9e8de78 -> 
  custom:audio-decoder-ogg-vorbis: bf7c407c2cedff20999df2af8eb42d56 -> 
========================================================================
Received Prepare
Registering precompiled user dll's ...
Registered in 0.005116 seconds.
Begin MonoManager ReloadAssembly
Symbol file LoadedFromMemory doesn't match image C:\Users\A L I E N W A R E\Desktop\Models\Game\Library\PackageCache\com.unity.visualscripting@1.7.8\Editor\VisualScripting.Core\Dependencies\YamlDotNet\Unity.VisualScripting.YamlDotNet.dll
Symbol file LoadedFromMemory doesn't match image C:\Users\A L I E N W A R E\Desktop\Models\Game\Library\PackageCache\com.unity.visualscripting@1.7.8\Editor\VisualScripting.Core\Dependencies\DotNetZip\Unity.VisualScripting.IonicZip.dll
Native extension for WindowsStandalone target not found
Native extension for iOS target not found
Native extension for Android target not found
Native extension for WebGL target not found
Refreshing native plugins compatible for Editor in 0.41 ms, found 3 plugins.
Preloading 0 native plugins for Editor in 0.00 ms.
Mono: successfully reloaded assembly
- Completed reload, in  0.758 seconds
Domain Reload Profiling:
	ReloadAssembly (759ms)
		BeginReloadAssembly (103ms)
			ExecutionOrderSort (0ms)
			DisableScriptedObjects (4ms)
			BackupInstance (0ms)
			ReleaseScriptingObjects (0ms)
			CreateAndSetChildDomain (33ms)
		EndReloadAssembly (585ms)
			LoadAssemblies (58ms)
			RebuildTransferFunctionScriptingTraits (0ms)
			SetupTypeCache (201ms)
			ReleaseScriptCaches (1ms)
			RebuildScriptCaches (32ms)
			SetupLoadedEditorAssemblies (256ms)
				LogAssemblyErrors (0ms)
				InitializePlatformSupportModulesInManaged (25ms)
				SetLoadedEditorAssemblies (0ms)
				RefreshPlugins (0ms)
				BeforeProcessingInitializeOnLoad (54ms)
				ProcessInitializeOnLoadAttributes (145ms)
				ProcessInitializeOnLoadMethodAttributes (25ms)
				AfterProcessingInitializeOnLoad (6ms)
				EditorAssembliesLoaded (0ms)
			ExecutionOrderSort2 (0ms)
			AwakeInstancesAfterBackupRestoration (6ms)
Platform modules already initialized, skipping
Refreshing native plugins compatible for Editor in 1.49 ms, found 3 plugins.
Preloading 0 native plugins for Editor in 0.00 ms.
Unloading 3344 Unused Serialized files (Serialized files now loaded: 0)
Unloading 20 unused Assets / (79.8 KB). Loaded Objects now: 3830.
Memory consumption went from 132.5 MB to 132.5 MB.
Total: 2.344300 ms (FindLiveObjects: 0.222500 ms CreateObjectMapping: 0.111100 ms MarkObjects: 1.902700 ms  DeleteObjects: 0.107100 ms)

AssetImportParameters requested are different than current active one (requested -> active):
  custom:video-decoder-ogg-theora: a1e56fd34408186e4bbccfd4996cb3dc -> 
  custom:container-muxer-webm: aa71ff27fc2769a1b78a27578f13a17b -> 
  custom:container-demuxer-webm: 4f35f7cbe854078d1ac9338744f61a02 -> 
  custom:video-encoder-webm-vp8: eb34c28f22e8b96e1ab97ce403110664 -> 
  custom:audio-encoder-webm-vorbis: bf7c407c2cedff20999df2af8eb42d56 -> 
  custom:framework-win-MediaFoundation: 216162199b28c13a410421893ffa2e32 -> 
  custom:container-demuxer-ogg: 62fdf1f143b41e24485cea50d1cbac27 -> 
  custom:video-decoder-webm-vp8: 9c59270c3fd7afecdb556c50c9e8de78 -> 
  custom:audio-decoder-ogg-vorbis: bf7c407c2cedff20999df2af8eb42d56 -> 
========================================================================
Received Import Request.
  Time since last request: 454.508731 seconds.
  path: Assets/Prefabs/Men/Men.prefab
  artifactKey: Guid(a157a4dc17ca23c4fadf7bc28df4a8f6) Importer(815301076,1909f56bfc062723c751e8b465ee728b)
Start importing Assets/Prefabs/Men/Men.prefab using Guid(a157a4dc17ca23c4fadf7bc28df4a8f6) Importer(815301076,1909f56bfc062723c751e8b465ee728b)  -> (artifact id: '3ca9fbe4e59c30b7ed89fcff19074d49') in 0.056772 seconds 
========================================================================
Received Prepare
Registering precompiled user dll's ...
Registered in 0.004175 seconds.
Begin MonoManager ReloadAssembly
Symbol file LoadedFromMemory doesn't match image C:\Users\A L I E N W A R E\Desktop\Models\Game\Library\PackageCache\com.unity.visualscripting@1.7.8\Editor\VisualScripting.Core\Dependencies\YamlDotNet\Unity.VisualScripting.YamlDotNet.dll
Symbol file LoadedFromMemory doesn't match image C:\Users\A L I E N W A R E\Desktop\Models\Game\Library\PackageCache\com.unity.visualscripting@1.7.8\Editor\VisualScripting.Core\Dependencies\DotNetZip\Unity.VisualScripting.IonicZip.dll
Native extension for WindowsStandalone target not found
Native extension for iOS target not found
Native extension for Android target not found
Native extension for WebGL target not found
Refreshing native plugins compatible for Editor in 0.55 ms, found 3 plugins.
Preloading 0 native plugins for Editor in 0.00 ms.
Mono: successfully reloaded assembly
- Completed reload, in  0.820 seconds
Domain Reload Profiling:
	ReloadAssembly (821ms)
		BeginReloadAssembly (106ms)
			ExecutionOrderSort (0ms)
			DisableScriptedObjects (3ms)
			BackupInstance (0ms)
			ReleaseScriptingObjects (0ms)
			CreateAndSetChildDomain (35ms)
		EndReloadAssembly (647ms)
			LoadAssemblies (62ms)
			RebuildTransferFunctionScriptingTraits (0ms)
			SetupTypeCache (213ms)
			ReleaseScriptCaches (1ms)
			RebuildScriptCaches (44ms)
			SetupLoadedEditorAssemblies (278ms)
				LogAssemblyErrors (0ms)
				InitializePlatformSupportModulesInManaged (29ms)
				SetLoadedEditorAssemblies (0ms)
				RefreshPlugins (1ms)
				BeforeProcessingInitializeOnLoad (54ms)
				ProcessInitializeOnLoadAttributes (161ms)
				ProcessInitializeOnLoadMethodAttributes (26ms)
				AfterProcessingInitializeOnLoad (6ms)
				EditorAssembliesLoaded (0ms)
			ExecutionOrderSort2 (0ms)
			AwakeInstancesAfterBackupRestoration (5ms)
Platform modules already initialized, skipping
Refreshing native plugins compatible for Editor in 1.51 ms, found 3 plugins.
Preloading 0 native plugins for Editor in 0.00 ms.
Unloading 3344 Unused Serialized files (Serialized files now loaded: 0)
Unloading 20 unused Assets / (79.8 KB). Loaded Objects now: 3833.
Memory consumption went from 132.6 MB to 132.5 MB.
Total: 2.208500 ms (FindLiveObjects: 0.204800 ms CreateObjectMapping: 0.098000 ms MarkObjects: 1.836600 ms  DeleteObjects: 0.068100 ms)

AssetImportParameters requested are different than current active one (requested -> active):
  custom:video-decoder-ogg-theora: a1e56fd34408186e4bbccfd4996cb3dc -> 
  custom:container-muxer-webm: aa71ff27fc2769a1b78a27578f13a17b -> 
  custom:container-demuxer-webm: 4f35f7cbe854078d1ac9338744f61a02 -> 
  custom:video-encoder-webm-vp8: eb34c28f22e8b96e1ab97ce403110664 -> 
  custom:audio-encoder-webm-vorbis: bf7c407c2cedff20999df2af8eb42d56 -> 
  custom:framework-win-MediaFoundation: 216162199b28c13a410421893ffa2e32 -> 
  custom:container-demuxer-ogg: 62fdf1f143b41e24485cea50d1cbac27 -> 
  custom:video-decoder-webm-vp8: 9c59270c3fd7afecdb556c50c9e8de78 -> 
  custom:audio-decoder-ogg-vorbis: bf7c407c2cedff20999df2af8eb42d56 -> 
